<?xml version="1.0" encoding="UTF-8"?>
<!-- Generated by org.testng.reporters.JUnitReportReporter -->
<testsuite hostname="DESKTOP-5N7435V" failures="0" tests="3" name="mavenTestNG.MavenPractice2Test" time="0.028" errors="0" timestamp="18 Jul 2022 10:18:32 GMT">
  <testcase classname="mavenTestNG.MavenPractice2Test" name="maven6Test" time="0.003"/>
  <testcase classname="mavenTestNG.MavenPractice2Test" name="maven5Test" time="0.003"/>
  <testcase classname="mavenTestNG.MavenPractice2Test" name="maven4Test" time="0.022"/>
</testsuite> <!-- mavenTestNG.MavenPractice2Test -->
