<?xml version="1.0" encoding="UTF-8"?>
<!-- Generated by org.testng.reporters.JUnitReportReporter -->
<testsuite hostname="DESKTOP-5N7435V" failures="0" tests="3" name="mavenTestNG.TestCase1Practice" time="0.028" errors="0" timestamp="18 Jul 2022 10:13:36 GMT">
  <testcase classname="mavenTestNG.TestCase1Practice" name="maven3Test" time="0.003"/>
  <testcase classname="mavenTestNG.TestCase1Practice" name="maven2Test" time="0.002"/>
  <testcase classname="mavenTestNG.TestCase1Practice" name="maven1Test" time="0.023"/>
</testsuite> <!-- mavenTestNG.TestCase1Practice -->
